 - remove : /usr/local/nifi-1.15.2/work/nar/extensions/nifi-avro-nar-1.15.2.nar-unpacked/NAR-INF/bundled-dependencies/snappy-java-1.1.8.2.jar 
 - remove : /usr/local/nifi-1.15.2/work/nar/extensions/nifi-lookup-services-nar-1.15.2.nar-unpacked/NAR-INF/bundled-dependencies/snappy-java-1.1.8.2.jar 
 - remove : /usr/local/nifi-1.15.2/work/nar/extensions/nifi-hbase_2-client-service-nar-1.15.2.nar-unpacked/NAR-INF/bundled-dependencies/snappy-java-1.1.8.2.jar 
 - remove : /usr/local/nifi-1.15.2/work/nar/extensions/nifi-standard-nar-1.15.2.nar-unpacked/NAR-INF/bundled-dependencies/snappy-java-1.1.8.2.jar 
 - remove : /usr/local/nifi-1.15.2/work/nar/extensions/nifi-kafka-2-6-nar-1.15.2.nar-unpacked/NAR-INF/bundled-dependencies/snappy-java-1.1.8.2.jar 
 - remove : /usr/local/nifi-1.15.2/work/nar/extensions/nifi-hadoop-libraries-nar-1.15.2.nar-unpacked/NAR-INF/bundled-dependencies/snappy-java-1.1.8.2.jar 
 - remove : /usr/local/nifi-1.15.2/work/nar/extensions/nifi-record-serialization-services-nar-1.15.2.nar-unpacked/NAR-INF/bundled-dependencies/snappy-java-1.1.8.2.jar 
 - remove : /usr/local/nifi-1.15.2/work/nar/extensions/nifi-hbase_1_1_2-client-service-nar-1.15.2.nar-unpacked/NAR-INF/bundled-dependencies/snappy-java-1.1.8.2.jar 
 - remove : /usr/local/nifi-1.15.2/work/nar/extensions/nifi-mongodb-services-nar-1.15.2.nar-unpacked/NAR-INF/bundled-dependencies/snappy-java-1.1.8.2.jar 
 - remove : /usr/local/nifi-1.15.2/work/nar/extensions/nifi-kafka-1-0-nar-1.15.2.nar-unpacked/NAR-INF/bundled-dependencies/snappy-java-1.1.8.2.jar 
 - remove : /usr/local/nifi-1.15.2/work/nar/extensions/nifi-cassandra-services-nar-1.15.2.nar-unpacked/NAR-INF/bundled-dependencies/snappy-java-1.1.8.2.jar 
 - remove : /usr/local/nifi-1.15.2/work/nar/extensions/nifi-kafka-2-0-nar-1.15.2.nar-unpacked/NAR-INF/bundled-dependencies/snappy-java-1.1.8.2.jar 
 - remove : /usr/local/nifi-1.15.2/work/nar/extensions/nifi-confluent-platform-nar-1.15.2.nar-unpacked/NAR-INF/bundled-dependencies/snappy-java-1.1.8.2.jar 
 - remove : /usr/local/nifi-1.15.2/work/nar/extensions/nifi-solr-nar-1.15.2.nar-unpacked/NAR-INF/bundled-dependencies/snappy-java-1.1.8.2.jar 
 - remove : /usr/local/nifi-1.15.2/work/nar/extensions/nifi-cassandra-nar-1.15.2.nar-unpacked/NAR-INF/bundled-dependencies/snappy-java-1.1.8.2.jar 
 - remove : /usr/local/nifi-1.15.2/work/nar/extensions/nifi-hwx-schema-registry-nar-1.15.2.nar-unpacked/NAR-INF/bundled-dependencies/snappy-java-1.1.8.2.jar 
 - remove : /usr/local/nifi-1.15.2/work/nar/extensions/nifi-elasticsearch-client-service-nar-1.15.2.nar-unpacked/NAR-INF/bundled-dependencies/snappy-java-1.1.8.2.jar 
 - remove : /usr/local/nifi-1.15.2/work/nar/extensions/nifi-hive-nar-1.15.2.nar-unpacked/NAR-INF/bundled-dependencies/snappy-java-1.1.8.2.jar 
 - remove : /usr/local/nifi-1.15.2/work/nar/extensions/nifi-registry-nar-1.15.2.nar-unpacked/NAR-INF/bundled-dependencies/snappy-java-1.1.8.2.jar 
 - remove : /usr/local/nifi-1.15.2/work/nar/extensions/nifi-site-to-site-reporting-nar-1.15.2.nar-unpacked/NAR-INF/bundled-dependencies/snappy-java-1.1.8.2.jar 
 - remove : /usr/local/nifi-1.15.2/work/nar/extensions/nifi-avro-nar-1.15.2.nar-unpacked/NAR-INF/bundled-dependencies/snappy-java-1.1.8.2.jar 
 - remove : /usr/local/nifi-1.15.2/work/nar/extensions/nifi-lookup-services-nar-1.15.2.nar-unpacked/NAR-INF/bundled-dependencies/snappy-java-1.1.8.2.jar 
 - remove : /usr/local/nifi-1.15.2/work/nar/extensions/nifi-hbase_2-client-service-nar-1.15.2.nar-unpacked/NAR-INF/bundled-dependencies/snappy-java-1.1.8.2.jar 
 - remove : /usr/local/nifi-1.15.2/work/nar/extensions/nifi-standard-nar-1.15.2.nar-unpacked/NAR-INF/bundled-dependencies/snappy-java-1.1.8.2.jar 
 - remove : /usr/local/nifi-1.15.2/work/nar/extensions/nifi-kafka-2-6-nar-1.15.2.nar-unpacked/NAR-INF/bundled-dependencies/snappy-java-1.1.8.2.jar 
 - remove : /usr/local/nifi-1.15.2/work/nar/extensions/nifi-hadoop-libraries-nar-1.15.2.nar-unpacked/NAR-INF/bundled-dependencies/snappy-java-1.1.8.2.jar 
 - remove : /usr/local/nifi-1.15.2/work/nar/extensions/nifi-record-serialization-services-nar-1.15.2.nar-unpacked/NAR-INF/bundled-dependencies/snappy-java-1.1.8.2.jar 
 - remove : /usr/local/nifi-1.15.2/work/nar/extensions/nifi-hbase_1_1_2-client-service-nar-1.15.2.nar-unpacked/NAR-INF/bundled-dependencies/snappy-java-1.1.8.2.jar 
 - remove : /usr/local/nifi-1.15.2/work/nar/extensions/nifi-mongodb-services-nar-1.15.2.nar-unpacked/NAR-INF/bundled-dependencies/snappy-java-1.1.8.2.jar 
 - remove : /usr/local/nifi-1.15.2/work/nar/extensions/nifi-kafka-1-0-nar-1.15.2.nar-unpacked/NAR-INF/bundled-dependencies/snappy-java-1.1.8.2.jar 
 - remove : /usr/local/nifi-1.15.2/work/nar/extensions/nifi-cassandra-services-nar-1.15.2.nar-unpacked/NAR-INF/bundled-dependencies/snappy-java-1.1.8.2.jar 
 - remove : /usr/local/nifi-1.15.2/work/nar/extensions/nifi-kafka-2-0-nar-1.15.2.nar-unpacked/NAR-INF/bundled-dependencies/snappy-java-1.1.8.2.jar 
 - remove : /usr/local/nifi-1.15.2/work/nar/extensions/nifi-confluent-platform-nar-1.15.2.nar-unpacked/NAR-INF/bundled-dependencies/snappy-java-1.1.8.2.jar 
 - remove : /usr/local/nifi-1.15.2/work/nar/extensions/nifi-solr-nar-1.15.2.nar-unpacked/NAR-INF/bundled-dependencies/snappy-java-1.1.8.2.jar 
 - remove : /usr/local/nifi-1.15.2/work/nar/extensions/nifi-cassandra-nar-1.15.2.nar-unpacked/NAR-INF/bundled-dependencies/snappy-java-1.1.8.2.jar 
 - remove : /usr/local/nifi-1.15.2/work/nar/extensions/nifi-hwx-schema-registry-nar-1.15.2.nar-unpacked/NAR-INF/bundled-dependencies/snappy-java-1.1.8.2.jar 
 - remove : /usr/local/nifi-1.15.2/work/nar/extensions/nifi-elasticsearch-client-service-nar-1.15.2.nar-unpacked/NAR-INF/bundled-dependencies/snappy-java-1.1.8.2.jar 
 - remove : /usr/local/nifi-1.15.2/work/nar/extensions/nifi-hive-nar-1.15.2.nar-unpacked/NAR-INF/bundled-dependencies/snappy-java-1.1.8.2.jar 
 - remove : /usr/local/nifi-1.15.2/work/nar/extensions/nifi-registry-nar-1.15.2.nar-unpacked/NAR-INF/bundled-dependencies/snappy-java-1.1.8.2.jar 
